E:\01-WORK\10-就业班0529\DAY18\线性表顺序存储测试\线性表顺序存储测试\DEBUG\SEQLINKTEST.OBJ
E:\01-WORK\10-就业班0529\DAY18\线性表顺序存储测试\线性表顺序存储测试\DEBUG\VC100.PDB
E:\01-WORK\10-就业班0529\DAY18\线性表顺序存储测试\线性表顺序存储测试\DEBUG\SEQLINKLIST.OBJ
F:\研一\研究生课程学习材料\数据结构与算法(赠送)\01-线性表\源码\线性表顺序存储测试\线性表顺序存储测试\DEBUG\SEQLINKLIST.OBJ
F:\研一\研究生课程学习材料\数据结构与算法(赠送)\01-线性表\源码\线性表顺序存储测试\线性表顺序存储测试\DEBUG\SEQLINKTEST.OBJ
F:\研一\研究生课程学习材料\数据结构与算法(赠送)\01-线性表\源码\线性表顺序存储测试\线性表顺序存储测试\DEBUG\VC110.PDB
E:\01-WORK\10-就业班0529\DAY18\线性表顺序存储测试\DEBUG\线性表顺序存储测试.ILK
E:\01-WORK\10-就业班0529\DAY18\线性表顺序存储测试\DEBUG\线性表顺序存储测试.EXE
E:\01-WORK\10-就业班0529\DAY18\线性表顺序存储测试\线性表顺序存储测试\DEBUG\线性表顺序存储测试.EXE.INTERMEDIATE.MANIFEST
E:\01-WORK\10-就业班0529\DAY18\线性表顺序存储测试\DEBUG\线性表顺序存储测试.PDB
F:\研一\研究生课程学习材料\数据结构与算法(赠送)\01-线性表\源码\线性表顺序存储测试\线性表顺序存储测试\Debug\seqlinklist.obj
F:\研一\研究生课程学习材料\数据结构与算法(赠送)\01-线性表\源码\线性表顺序存储测试\线性表顺序存储测试\Debug\seqlinktest.obj
F:\研一\研究生课程学习材料\数据结构与算法(赠送)\01-线性表\源码\线性表顺序存储测试\线性表顺序存储测试\Debug\cl.command.1.tlog
F:\研一\研究生课程学习材料\数据结构与算法(赠送)\01-线性表\源码\线性表顺序存储测试\线性表顺序存储测试\Debug\CL.read.1.tlog
F:\研一\研究生课程学习材料\数据结构与算法(赠送)\01-线性表\源码\线性表顺序存储测试\线性表顺序存储测试\Debug\CL.write.1.tlog
F:\研一\研究生课程学习材料\数据结构与算法(赠送)\01-线性表\源码\线性表顺序存储测试\线性表顺序存储测试\Debug\link-cvtres.read.1.tlog
F:\研一\研究生课程学习材料\数据结构与算法(赠送)\01-线性表\源码\线性表顺序存储测试\线性表顺序存储测试\Debug\link-cvtres.write.1.tlog
F:\研一\研究生课程学习材料\数据结构与算法(赠送)\01-线性表\源码\线性表顺序存储测试\线性表顺序存储测试\Debug\link-rc.read.1.tlog
F:\研一\研究生课程学习材料\数据结构与算法(赠送)\01-线性表\源码\线性表顺序存储测试\线性表顺序存储测试\Debug\link-rc.write.1.tlog
F:\研一\研究生课程学习材料\数据结构与算法(赠送)\01-线性表\源码\线性表顺序存储测试\线性表顺序存储测试\Debug\link.command.1.tlog
F:\研一\研究生课程学习材料\数据结构与算法(赠送)\01-线性表\源码\线性表顺序存储测试\线性表顺序存储测试\Debug\link.read.1.tlog
F:\研一\研究生课程学习材料\数据结构与算法(赠送)\01-线性表\源码\线性表顺序存储测试\线性表顺序存储测试\Debug\link.write.1.tlog
F:\研一\研究生课程学习材料\数据结构与算法(赠送)\01-线性表\源码\线性表顺序存储测试\线性表顺序存储测试\Debug\mt.command.1.tlog
F:\研一\研究生课程学习材料\数据结构与算法(赠送)\01-线性表\源码\线性表顺序存储测试\线性表顺序存储测试\Debug\mt.read.1.tlog
F:\研一\研究生课程学习材料\数据结构与算法(赠送)\01-线性表\源码\线性表顺序存储测试\线性表顺序存储测试\Debug\mt.write.1.tlog
F:\研一\研究生课程学习材料\数据结构与算法(赠送)\01-线性表\源码\线性表顺序存储测试\线性表顺序存储测试\Debug\线性表顺序存储测试.exe.intermediate.manifest
F:\研一\研究生课程学习材料\数据结构与算法(赠送)\01-线性表\源码\线性表顺序存储测试\线性表顺序存储测试\Debug\vc100.idb
F:\研一\研究生课程学习材料\数据结构与算法(赠送)\01-线性表\源码\线性表顺序存储测试\线性表顺序存储测试\Debug\vc110.idb
F:\研一\研究生课程学习材料\数据结构与算法(赠送)\01-线性表\源码\线性表顺序存储测试\线性表顺序存储测试\Debug\vc100.pdb
F:\研一\研究生课程学习材料\数据结构与算法(赠送)\01-线性表\源码\线性表顺序存储测试\线性表顺序存储测试\Debug\vc110.pdb
F:\研一\研究生课程学习材料\数据结构与算法(赠送)\01-线性表\源码\线性表顺序存储测试\Debug\线性表顺序存储测试.pdb
